0 info it worked if it ends with ok
1 verbose cli [ 'node', '/usr/local/bin/npm', 'publish' ]
2 info using npm@2.7.4
3 info using node@v0.10.25
4 verbose publish [ '.' ]
5 silly cache add args [ '.', null ]
6 verbose cache add spec .
7 silly cache add parsed spec { raw: '.',
7 silly cache add   scope: null,
7 silly cache add   name: null,
7 silly cache add   rawSpec: '.',
7 silly cache add   spec: '/Users/gavin/Dropbox/git/yoMeteor/myGens/generator-meteor-react',
7 silly cache add   type: 'directory' }
8 verbose addLocalDirectory /Users/gavin/.npm/generator-meteor-react/0.0.5/package.tgz not in flight; packing
9 verbose tar pack [ '/Users/gavin/.npm/generator-meteor-react/0.0.5/package.tgz',
9 verbose tar pack   '/Users/gavin/Dropbox/git/yoMeteor/myGens/generator-meteor-react' ]
10 verbose tarball /Users/gavin/.npm/generator-meteor-react/0.0.5/package.tgz
11 verbose folder /Users/gavin/Dropbox/git/yoMeteor/myGens/generator-meteor-react
12 info prepublish generator-meteor-react@0.0.5
13 verbose addLocalTarball adding from inside cache /Users/gavin/.npm/generator-meteor-react/0.0.5/package.tgz
14 silly cache afterAdd generator-meteor-react@0.0.5
15 verbose afterAdd /Users/gavin/.npm/generator-meteor-react/0.0.5/package/package.json not in flight; writing
16 verbose afterAdd /Users/gavin/.npm/generator-meteor-react/0.0.5/package/package.json written
17 silly publish { name: 'generator-meteor-react',
17 silly publish   version: '0.0.5',
17 silly publish   description: 'Yeoman generator for Meteor with some Angular.js views',
17 silly publish   keywords: [ 'yeoman-generator' ],
17 silly publish   license: 'MIT',
17 silly publish   main: 'app/index.js',
17 silly publish   repository:
17 silly publish    { type: 'git',
17 silly publish      url: 'https://github.com/payner35/generator-meteor-react' },
17 silly publish   author:
17 silly publish    { name: 'Gavin Payne',
17 silly publish      email: 'gavinapayne@gmail.com',
17 silly publish      url: 'https://github.com/payner35' },
17 silly publish   engines: { node: '>=0.10.0' },
17 silly publish   scripts: { test: 'mocha' },
17 silly publish   files: [ 'app', 'view', 'collection', 'component' ],
17 silly publish   dependencies:
17 silly publish    { 'yeoman-generator': '^0.18.9',
17 silly publish      chalk: '^1.0.0',
17 silly publish      yosay: '^1.0.2' },
17 silly publish   devDependencies: { mocha: '*' },
17 silly publish   readme: '<<<<<<< HEAD\n# generator-meteor-react\n\n> [Yeoman](http://yeoman.io) generator\n\n\n## Getting Started\n\n### What is Yeoman?\n\nTrick question. It\'s not a thing. It\'s this guy:\n\n![](http://i.imgur.com/JHaAlBJ.png)\n\nBasically, he wears a top hat, lives in your computer, and waits for you to tell him what kind of application you wish to create.\n\nNot every new computer comes with a Yeoman pre-installed. He lives in the [npm](https://npmjs.org) package repository. You only have to ask for him once, then he packs up and moves into your hard drive. *Make sure you clean up, he likes new and shiny things.*\n\n```bash\nnpm install -g yo\n```\n\n### Yeoman Generators\n\nYeoman travels light. He didn\'t pack any generators when he moved in. You can think of a generator like a plug-in. You get to choose what type of application you wish to create, such as a Backbone application or even a Chrome extension.\n\nTo install generator-meteor-react from npm, run:\n\n```bash\nnpm install -g generator-meteor-react\n```\n\nFinally, initiate the generator:\n\n```bash\nmkdir myAmazingApp\ncd myAmazingApp\nyo meteor-react\nsh startup.sh\n```\n\n\n\nTo add a View:\n\n```bash\nyo meteor-react:view [yourViewName]\n```\n\nTo add a Collection:\n\n```bash\nyo meteor-react:collection [yourCollectionName]\n```\n\nTo add a React component:\n\n```bash\nyo meteor-react:component [yourComponentName]\n```\n\n\n### Why React components with Meteor?\n\nBecause it\'s easier to port a Meteor prototype to an enterprise CMS such as Sitecore, AEM or Backbase using React components.. React.js provides a common separation of the View that can be almost dropped onto another implementation\n\n\n\n### Getting To Know Yeoman\n\nYeoman has a heart of gold. He\'s a person with feelings and opinions, but he\'s very easy to work with. If you think he\'s too opinionated, he can be easily convinced.\n\nIf you\'d like to get to know Yeoman better and meet some of his friends, [Grunt](http://gruntjs.com) and [Bower](http://bower.io), check out the complete [Getting Started Guide](https://github.com/yeoman/yeoman/wiki/Getting-Started).\n\n\n## License\n\nMIT\n=======\n# meteor-react\nYeoman generator for Meteor and React.js views\n>>>>>>> a9428a7a185c031cafe22caf3d93cb63c9b1a28b\n',
17 silly publish   readmeFilename: 'README.md',
17 silly publish   gitHead: 'b3c0498d8295fe830ac8c7a99691252d321c40d8',
17 silly publish   bugs: { url: 'https://github.com/payner35/generator-meteor-react/issues' },
17 silly publish   homepage: 'https://github.com/payner35/generator-meteor-react',
17 silly publish   _id: 'generator-meteor-react@0.0.5',
17 silly publish   _shasum: 'dd9263f5963fef7672418f04d30fc4c013a1e763',
17 silly publish   _from: '.' }
18 silly mapToRegistry name generator-meteor-react
19 silly mapToRegistry using default registry
20 silly mapToRegistry registry https://registry.npmjs.org/
21 silly mapToRegistry uri https://registry.npmjs.org/generator-meteor-react
22 verbose publish registryBase https://registry.npmjs.org/
23 silly publish uploading /Users/gavin/.npm/generator-meteor-react/0.0.5/package.tgz
24 verbose request uri https://registry.npmjs.org/generator-meteor-react
25 verbose request sending authorization for write operation
26 info attempt registry request try #1 at 16:38:58
27 verbose request id a1acaf38868fe5fa
28 http request PUT https://registry.npmjs.org/generator-meteor-react
29 http 409 https://registry.npmjs.org/generator-meteor-react
30 verbose headers { date: 'Wed, 01 Apr 2015 12:39:02 GMT',
30 verbose headers   server: 'Apache',
30 verbose headers   'content-type': 'application/json',
30 verbose headers   'cache-control': 'max-age=60',
30 verbose headers   'content-length': '17',
30 verbose headers   'accept-ranges': 'bytes',
30 verbose headers   via: '1.1 varnish',
30 verbose headers   'x-served-by': 'cache-lcy1124-LCY',
30 verbose headers   'x-cache': 'MISS',
30 verbose headers   'x-cache-hits': '0',
30 verbose headers   'x-timer': 'S1427891941.383937,VS0,VE668',
30 verbose headers   'keep-alive': 'timeout=10, max=50',
30 verbose headers   connection: 'Keep-Alive' }
31 verbose request invalidating /Users/gavin/.npm/registry.npmjs.org/generator-meteor-react on PUT
32 verbose request uri https://registry.npmjs.org/generator-meteor-react?write=true
33 verbose request no auth needed
34 info attempt registry request try #1 at 16:39:00
35 http request GET https://registry.npmjs.org/generator-meteor-react?write=true
36 http 200 https://registry.npmjs.org/generator-meteor-react?write=true
37 verbose stack Error: cannot modify pre-existing version
37 verbose stack     at conflictError (/usr/local/lib/node_modules/npm/node_modules/npm-registry-client/lib/publish.js:182:11)
37 verbose stack     at CachingRegistryClient.putNext (/usr/local/lib/node_modules/npm/node_modules/npm-registry-client/lib/publish.js:145:15)
37 verbose stack     at /usr/local/lib/node_modules/npm/node_modules/npm-registry-client/lib/publish.js:128:15
37 verbose stack     at /usr/local/lib/node_modules/npm/lib/cache/caching-client.js:52:8
37 verbose stack     at f (/usr/local/lib/node_modules/npm/node_modules/once/once.js:17:25)
37 verbose stack     at /usr/local/lib/node_modules/npm/node_modules/npm-registry-client/lib/request.js:68:16
37 verbose stack     at f (/usr/local/lib/node_modules/npm/node_modules/once/once.js:17:25)
37 verbose stack     at CachingRegistryClient.<anonymous> (/usr/local/lib/node_modules/npm/node_modules/npm-registry-client/lib/request.js:255:12)
37 verbose stack     at Request._callback (/usr/local/lib/node_modules/npm/node_modules/npm-registry-client/lib/request.js:170:14)
37 verbose stack     at Request.self.callback (/usr/local/lib/node_modules/npm/node_modules/request/request.js:344:22)
38 verbose pkgid generator-meteor-react
39 verbose cwd /Users/gavin/Dropbox/git/yoMeteor/myGens/generator-meteor-react
40 error Darwin 13.4.0
41 error argv "node" "/usr/local/bin/npm" "publish"
42 error node v0.10.25
43 error npm  v2.7.4
44 error code EPUBLISHCONFLICT
45 error publish fail Cannot publish over existing version.
45 error publish fail Update the 'version' field in package.json and try again.
45 error publish fail
45 error publish fail To automatically increment version numbers, see:
45 error publish fail     npm help version
46 verbose exit [ 1, true ]
